
LinearRegression classifier
train: 0.6420942208659165
test: 0.6392968402314196

RandomForestClassifier
train: 0.996185390043868
test: 0.8976412995104583
[('X7', 0.10812480092985577), ('X6', 0.10501212505522901), ('X2', 0.09402145237373494), ('X13', 0.08220969053581226), ('X14', 0.08164246284880324), ('X1', 0.07441306319883985), ('X4', 0.0636290092841924), ('X12', 0.06209838078560579), ('X8', 0.058582445041633804), ('X11', 0.058005513097491454), ('X3', 0.057433767848284446), ('X10', 0.05417314693967512), ('X5', 0.05320877320643621), ('X9', 0.04744536885440575)]
Best param: {'max_depth': 30, 'n_estimators': 750}
Best train score: 0.9265687583444593

StandardScaler

SVC
train: 0.4440205988937631
test: 0.45994659546061417
Best param: {'C': 10000.0, 'kernel': 'rbf'}
Best train score: 0.8911882510013351

PCA
Percentage of variance explained by each of the selected components
[5.72677802e-01 4.27268657e-01 3.11931021e-05 9.07281291e-06
 7.03717546e-06 1.50247477e-06 1.39355904e-06 7.89678691e-07
 6.75276888e-07 6.14439646e-07]
singular values
[886657.01306756 765862.8376967    6543.79615045   3529.16087888
   3108.13353107   1436.16412213   1383.13052468   1041.17969123
    962.81183887    918.41738083]
