
LinearRegression classifier
train: 0.6420942208659165
test: 0.6392968402314196

RandomForestClassifier
train: 0.997139042532901
test: 0.894971072541166
[('X7', 0.12227764190811649), ('X6', 0.09927655373935985), ('X14', 0.08815170067484916), ('X2', 0.08233110902736859), ('X1', 0.08073920040793627), ('X13', 0.0775757913239297), ('X4', 0.06117143023618604), ('X12', 0.061080174287308955), ('X11', 0.059981377715039905), ('X10', 0.05698731702588988), ('X8', 0.05533422349269303), ('X3', 0.05472427407794876), ('X5', 0.05425440621650094), ('X9', 0.04611479986687239)]
Best param: {'max_depth': 30, 'n_estimators': 450}
Best train score: 0.9263780278466527
Best test score: 0.9321317311971518

StandardScaler

SVC
train: 0.4440205988937631
test: 0.45994659546061417
Best param: {'C': 10000.0, 'kernel': 'rbf'}
Best train score: 0.8911882510013351
Best test score: 0.45994659546061417
{'mean_fit_time': array([4126.17044709,  107.77633834,  553.96438403,   19.99924841,
         81.51803   ,    7.47933793,   16.78534801,    5.29550705,
          7.44281356,    5.72523746,    4.80433726,    6.625278  ,
          4.30583081,    6.64218605,    4.41095181,    8.42326677,
          5.50702453,    8.43891497]), 'std_fit_time': array([129.42944263,   9.39146962,  35.05853288,   1.517911  ,
         7.81935126,   0.7203182 ,   1.29100093,   0.53444363,
         0.77877434,   0.70796534,   0.52305119,   0.78716989,
         0.98416788,   0.60795105,   0.56252475,   1.1879708 ,
         0.73426626,   0.56248772]), 'mean_score_time': array([0.14610903, 0.18917274, 0.19458952, 0.20737338, 0.19892516,
       0.29054122, 0.20515292, 0.40736964, 0.19480164, 0.44503465,
       0.20976863, 0.45424113, 0.21532369, 0.47080564, 0.26764038,
       0.62224488, 0.26839767, 0.63234129]), 'std_score_time': array([0.05027079, 0.04688027, 0.04215942, 0.03225279, 0.04932351,
       0.05336389, 0.0571128 , 0.11846917, 0.02300509, 0.10008396,
       0.03444945, 0.06818765, 0.06125142, 0.05544083, 0.08730535,
       0.15624923, 0.05257711, 0.17551177]), 'param_C': masked_array(data=[10000.0, 10000.0, 1000.0, 1000.0, 100.0, 100.0, 10.0,
                   10.0, 1.0, 1.0, 0.1, 0.1, 0.01, 0.01, 0.001, 0.001,
                   0.0001, 0.0001],
             mask=[False, False, False, False, False, False, False, False,
                   False, False, False, False, False, False, False, False,
                   False, False],
       fill_value='?',
            dtype=object), 'param_kernel': masked_array(data=['linear', 'rbf', 'linear', 'rbf', 'linear', 'rbf',
                   'linear', 'rbf', 'linear', 'rbf', 'linear', 'rbf',
                   'linear', 'rbf', 'linear', 'rbf', 'linear', 'rbf'],
             mask=[False, False, False, False, False, False, False, False,
                   False, False, False, False, False, False, False, False,
                   False, False],
       fill_value='?',
            dtype=object), 'params': [{'C': 10000.0, 'kernel': 'linear'}, {'C': 10000.0, 'kernel': 'rbf'}, {'C': 1000.0, 'kernel': 'linear'}, {'C': 1000.0, 'kernel': 'rbf'}, {'C': 100.0, 'kernel': 'linear'}, {'C': 100.0, 'kernel': 'rbf'}, {'C': 10.0, 'kernel': 'linear'}, {'C': 10.0, 'kernel': 'rbf'}, {'C': 1.0, 'kernel': 'linear'}, {'C': 1.0, 'kernel': 'rbf'}, {'C': 0.1, 'kernel': 'linear'}, {'C': 0.1, 'kernel': 'rbf'}, {'C': 0.01, 'kernel': 'linear'}, {'C': 0.01, 'kernel': 'rbf'}, {'C': 0.001, 'kernel': 'linear'}, {'C': 0.001, 'kernel': 'rbf'}, {'C': 0.0001, 'kernel': 'linear'}, {'C': 0.0001, 'kernel': 'rbf'}], 'split0_test_score': array([0.65300286, 0.89132507, 0.65395615, 0.85128694, 0.63393708,
       0.81506196, 0.63203051, 0.77502383, 0.62535748, 0.70448046,
       0.62535748, 0.63965682, 0.62535748, 0.57864633, 0.55767398,
       0.5557674 , 0.5557674 , 0.5557674 ]), 'split1_test_score': array([0.63489037, 0.89323165, 0.62440419, 0.87607245, 0.61201144,
       0.83317445, 0.607245  , 0.77502383, 0.59771211, 0.69876072,
       0.59961868, 0.61963775, 0.59961868, 0.57483317, 0.55767398,
       0.5557674 , 0.5557674 , 0.5557674 ]), 'split2_test_score': array([0.65109628, 0.88941849, 0.65204957, 0.85414681, 0.63393708,
       0.81029552, 0.63298379, 0.77979028, 0.63107722, 0.71877979,
       0.63107722, 0.63489037, 0.63012393, 0.57769304, 0.5557674 ,
       0.5557674 , 0.5557674 , 0.5557674 ]), 'split3_test_score': array([0.65300286, 0.90276454, 0.65204957, 0.87893232, 0.62917064,
       0.81792183, 0.62535748, 0.75119161, 0.62345091, 0.69113441,
       0.62440419, 0.64251668, 0.62535748, 0.57387989, 0.55958055,
       0.5557674 , 0.5557674 , 0.5557674 ]), 'split4_test_score': array([0.66539561, 0.89132507, 0.66158246, 0.88083889, 0.6406101 ,
       0.85605338, 0.62631077, 0.78836988, 0.62249762, 0.69590086,
       0.62345091, 0.63775024, 0.62345091, 0.57483317, 0.55672069,
       0.5557674 , 0.5557674 , 0.5557674 ]), 'split5_test_score': array([0.66444233, 0.87511916, 0.66539561, 0.85224023, 0.63679695,
       0.81410867, 0.63107722, 0.77407054, 0.63679695, 0.70543375,
       0.63489037, 0.62917064, 0.62249762, 0.57959962, 0.55767398,
       0.5557674 , 0.55481411, 0.5557674 ]), 'split6_test_score': array([0.64599237, 0.88263359, 0.63740458, 0.85019084, 0.61545802,
       0.8148855 , 0.61545802, 0.78721374, 0.60973282, 0.70896947,
       0.60877863, 0.62881679, 0.60877863, 0.57538168, 0.5601145 ,
       0.55629771, 0.55629771, 0.55629771]), 'split7_test_score': array([0.66603053, 0.89790076, 0.66030534, 0.85209924, 0.63072519,
       0.8120229 , 0.63835878, 0.76431298, 0.62977099, 0.71851145,
       0.6278626 , 0.63358779, 0.6278626 , 0.57824427, 0.55916031,
       0.55629771, 0.55629771, 0.55629771]), 'split8_test_score': array([0.64408397, 0.89217557, 0.64217557, 0.85687023, 0.6230916 ,
       0.80916031, 0.62022901, 0.77576336, 0.61641221, 0.70229008,
       0.61832061, 0.6269084 , 0.60782443, 0.57061069, 0.55916031,
       0.55629771, 0.55629771, 0.55629771]), 'split9_test_score': array([0.64790076, 0.89599237, 0.64026718, 0.85782443, 0.6230916 ,
       0.8120229 , 0.61068702, 0.77576336, 0.60782443, 0.70896947,
       0.60496183, 0.63263359, 0.60209924, 0.57156489, 0.55438931,
       0.55629771, 0.55629771, 0.55629771]), 'mean_test_score': array([0.6525844 , 0.89118825, 0.64896052, 0.86105283, 0.6278848 ,
       0.81947358, 0.62397482, 0.77465192, 0.62006485, 0.70532138,
       0.61987412, 0.6325577 , 0.61729926, 0.57552928, 0.55779134,
       0.5559794 , 0.55588404, 0.5559794 ]), 'std_test_score': array([0.0096896 , 0.00736163, 0.01208522, 0.01176376, 0.00881349,
       0.01378268, 0.00976576, 0.01016311, 0.01144796, 0.00851333,
       0.01111961, 0.00638331, 0.01084793, 0.00286257, 0.00170867,
       0.00025977, 0.00043558, 0.00025977]), 'rank_test_score': array([ 6,  1,  7,  2,  9,  3, 10,  4, 11,  5, 12,  8, 13, 14, 15, 16, 18,
       16], dtype=int32), 'split0_train_score': array([0.64861715, 0.91840627, 0.64522624, 0.87930486, 0.62858959,
       0.83119635, 0.62435096, 0.78065063, 0.61884073, 0.71156088,
       0.61905267, 0.63304016, 0.61873477, 0.57698421, 0.55812228,
       0.55600297, 0.55600297, 0.55600297]), 'split1_train_score': array([0.65571686, 0.9189361 , 0.65179612, 0.88004662, 0.63272226,
       0.8295009 , 0.62678817, 0.7807566 , 0.62318533, 0.70816997,
       0.6229734 , 0.636643  , 0.62254954, 0.58132881, 0.55844018,
       0.55600297, 0.55600297, 0.55600297]), 'split2_train_score': array([0.65921373, 0.919254  , 0.65444527, 0.87930486, 0.63272226,
       0.8335276 , 0.62413903, 0.78107449, 0.62032426, 0.70711031,
       0.61947653, 0.63325209, 0.61841687, 0.57730211, 0.55833422,
       0.55600297, 0.55600297, 0.55600297]), 'split3_train_score': array([0.65878987, 0.91787644, 0.65518703, 0.878881  , 0.63282823,
       0.83024266, 0.62286744, 0.78393557, 0.61884073, 0.71251457,
       0.61905267, 0.63441772, 0.61809897, 0.5739112 , 0.55759246,
       0.55600297, 0.55600297, 0.55600297]), 'split4_train_score': array([0.6499947 , 0.92020769, 0.64787538, 0.87898697, 0.62890749,
       0.82759351, 0.62466886, 0.77810745, 0.62117198, 0.71071315,
       0.62117198, 0.63304016, 0.61809897, 0.57942143, 0.55822825,
       0.55600297, 0.55600297, 0.55600297]), 'split5_train_score': array([0.65561089, 0.92063156, 0.64946487, 0.87898697, 0.62880153,
       0.83373954, 0.62223164, 0.78086256, 0.61841687, 0.70785207,
       0.61788704, 0.63399385, 0.61788704, 0.57645438, 0.55791035,
       0.55600297, 0.55600297, 0.55600297]), 'split6_train_score': array([0.65501166, 0.92254715, 0.65077347, 0.87889383, 0.63254927,
       0.83206188, 0.62428481, 0.77866073, 0.62121212, 0.71031998,
       0.62100021, 0.63519814, 0.62036448, 0.57904217, 0.55785124,
       0.55594406, 0.55594406, 0.55594406]), 'split7_train_score': array([0.65289256, 0.91777919, 0.64981988, 0.88048315, 0.62926467,
       0.83206188, 0.62343717, 0.78268701, 0.61866921, 0.70862471,
       0.61930494, 0.63127781, 0.61771562, 0.57575758, 0.55795719,
       0.55594406, 0.55594406, 0.55594406]), 'split8_train_score': array([0.65829625, 0.9179911 , 0.65193897, 0.88239034, 0.6287349 ,
       0.83534647, 0.62386099, 0.78067387, 0.62025853, 0.70756516,
       0.61930494, 0.63403263, 0.61347743, 0.57830049, 0.55785124,
       0.55594406, 0.55594406, 0.55594406]), 'split9_train_score': array([0.65681288, 0.91820301, 0.65395211, 0.87878788, 0.63307904,
       0.83471074, 0.6264039 , 0.78120364, 0.6219538 , 0.71031998,
       0.62216571, 0.63509218, 0.61824539, 0.58094935, 0.55848697,
       0.55594406, 0.55594406, 0.55594406]), 'mean_train_score': array([0.65509566, 0.91918325, 0.65104793, 0.87960665, 0.63081993,
       0.83199815, 0.6243033 , 0.78086126, 0.62028736, 0.70947508,
       0.62013901, 0.63399878, 0.61835891, 0.57794517, 0.55807744,
       0.5559794 , 0.5559794 , 0.5559794 ]), 'std_train_score': array([3.42492805e-03, 1.45581242e-03, 2.94123651e-03, 1.06611331e-03,
       1.97071429e-03, 2.30891488e-03, 1.34348961e-03, 1.59573445e-03,
       1.52045471e-03, 1.75642010e-03, 1.52354525e-03, 1.40005944e-03,
       2.15271145e-03, 2.20456442e-03, 2.77471491e-04, 2.88604273e-05,
       2.88604273e-05, 2.88604273e-05])}
mean_train_score: 0.9191832518761338
mean_test_score: 0.8911882510013351
mean_fit_time: 107.77633833885193
rank_test_score: 1

PCA
Percentage of variance explained by each of the selected components
[5.72677802e-01 4.27268657e-01 3.11931021e-05 9.07281291e-06
 7.03717546e-06 1.50247477e-06 1.39355904e-06 7.89678691e-07
 6.75276888e-07 6.14439646e-07]
singular values
[886657.01306756 765862.8376967    6543.79615045   3529.16087888
   3108.13353107   1436.16412213   1383.13052468   1041.17969123
    962.81183887    918.41738083]
